# JRE version: Java(TM) SE Runtime Environment (11.0.4+10) (build 11.0.4+10-LTS)
# Java VM: Java HotSpot(TM) 64-Bit Server VM (11.0.4+10-LTS, mixed mode, tiered, compressed oops, g1 gc, windows-amd64)
Heap:
 garbage-first heap   total 280576K, used 34954K [0x0000000742400000, 0x0000000800000000)
  region size 1024K, 12 young (12288K), 12 survivors (12288K)
 Metaspace       used 71089K, capacity 72942K, committed 73080K, reserved 1112064K
  class space    used 9095K, capacity 9857K, committed 9932K, reserved 1048576K
GC Heap History (10 events):
Event: 2.692 GC heap after
{Heap after GC invocations=6 (full 0):
 garbage-first heap   total 194560K, used 15301K [0x0000000742400000, 0x0000000800000000)
  region size 1024K, 7 young (7168K), 7 survivors (7168K)
 Metaspace       used 31772K, capacity 32763K, committed 32896K, reserved 1077248K
  class space    used 3691K, capacity 4107K, committed 4224K, reserved 1048576K
}
Event: 3.259 GC heap before
{Heap before GC invocations=6 (full 0):
 garbage-first heap   total 194560K, used 42949K [0x0000000742400000, 0x0000000800000000)
  region size 1024K, 35 young (35840K), 7 survivors (7168K)
 Metaspace       used 34580K, capacity 35582K, committed 35840K, reserved 1081344K
  class space    used 4180K, capacity 4601K, committed 4608K, reserved 1048576K
}
Event: 3.268 GC heap after
{Heap after GC invocations=7 (full 0):
 garbage-first heap   total 233472K, used 16421K [0x0000000742400000, 0x0000000800000000)
  region size 1024K, 8 young (8192K), 8 survivors (8192K)
 Metaspace       used 34580K, capacity 35582K, committed 35840K, reserved 1081344K
  class space    used 4180K, capacity 4601K, committed 4608K, reserved 1048576K
}
Event: 5.384 GC heap before
{Heap before GC invocations=8 (full 0):
 garbage-first heap   total 233472K, used 147493K [0x0000000742400000, 0x0000000800000000)
  region size 1024K, 136 young (139264K), 8 survivors (8192K)
 Metaspace       used 51588K, capacity 52844K, committed 53120K, reserved 1095680K
  class space    used 6486K, capacity 7001K, committed 7040K, reserved 1048576K
}
Event: 5.394 GC heap after
{Heap after GC invocations=9 (full 0):
 garbage-first heap   total 233472K, used 23016K [0x0000000742400000, 0x0000000800000000)
  region size 1024K, 14 young (14336K), 14 survivors (14336K)
 Metaspace       used 51588K, capacity 52844K, committed 53120K, reserved 1095680K
  class space    used 6486K, capacity 7001K, committed 7040K, reserved 1048576K
}
Event: 7.085 GC heap before
{Heap before GC invocations=9 (full 0):
 garbage-first heap   total 233472K, used 76264K [0x0000000742400000, 0x0000000800000000)
  region size 1024K, 67 young (68608K), 14 survivors (14336K)
 Metaspace       used 58560K, capacity 59948K, committed 59948K, reserved 1101824K
  class space    used 7479K, capacity 8064K, committed 8064K, reserved 1048576K
}
Event: 7.100 GC heap after
{Heap after GC invocations=10 (full 0):
 garbage-first heap   total 233472K, used 24746K [0x0000000742400000, 0x0000000800000000)
  region size 1024K, 10 young (10240K), 10 survivors (10240K)
 Metaspace       used 58560K, capacity 59948K, committed 59948K, reserved 1101824K
  class space    used 7479K, capacity 8064K, committed 8064K, reserved 1048576K
}
Event: 8.124 GC heap before
{Heap before GC invocations=11 (full 0):
 garbage-first heap   total 233472K, used 153770K [0x0000000742400000, 0x0000000800000000)
  region size 1024K, 136 young (139264K), 10 survivors (10240K)
 Metaspace       used 65028K, capacity 66574K, committed 66680K, reserved 1107968K
  class space    used 8257K, capacity 8880K, committed 8908K, reserved 1048576K
}
Event: 8.136 GC heap after
{Heap after GC invocations=12 (full 0):
 garbage-first heap   total 233472K, used 28921K [0x0000000742400000, 0x0000000800000000)
  region size 1024K, 13 young (13312K), 13 survivors (13312K)
 Metaspace       used 65028K, capacity 66574K, committed 66680K, reserved 1107968K
  class space    used 8257K, capacity 8880K, committed 8908K, reserved 1048576K
}
Event: 9.397 GC heap before
{Heap before GC invocations=12 (full 0):
 garbage-first heap   total 233472K, used 154873K [0x0000000742400000, 0x0000000800000000)
  region size 1024K, 136 young (139264K), 13 survivors (13312K)
 Metaspace       used 71089K, capacity 72942K, committed 73080K, reserved 1112064K
  class space    used 9095K, capacity 9857K, committed 9932K, reserved 1048576K
}

