# JRE version: Java(TM) SE Runtime Environment (11.0.4+10) (build 11.0.4+10-LTS)
# Java VM: Java HotSpot(TM) 64-Bit Server VM (11.0.4+10-LTS, mixed mode, tiered, compressed oops, g1 gc, windows-amd64)
Heap:
 garbage-first heap   total 378880K, used 272104K [0x0000000701a00000, 0x0000000800000000)
  region size 1024K, 222 young (227328K), 11 survivors (11264K)
 Metaspace       used 84008K, capacity 86680K, committed 86792K, reserved 1124352K
  class space    used 11017K, capacity 12066K, committed 12160K, reserved 1048576K
GC Heap History (10 events):
Event: 2147.382 GC heap after
{Heap after GC invocations=21 (full 0):
 garbage-first heap   total 378880K, used 56305K [0x0000000701a00000, 0x0000000800000000)
  region size 1024K, 12 young (12288K), 12 survivors (12288K)
 Metaspace       used 84008K, capacity 86680K, committed 86792K, reserved 1124352K
  class space    used 11017K, capacity 12066K, committed 12160K, reserved 1048576K
}
Event: 2529.203 GC heap before
{Heap before GC invocations=21 (full 0):
 garbage-first heap   total 378880K, used 271345K [0x0000000701a00000, 0x0000000800000000)
  region size 1024K, 222 young (227328K), 12 survivors (12288K)
 Metaspace       used 84008K, capacity 86680K, committed 86792K, reserved 1124352K
  class space    used 11017K, capacity 12066K, committed 12160K, reserved 1048576K
}
Event: 2529.209 GC heap after
{Heap after GC invocations=22 (full 0):
 garbage-first heap   total 378880K, used 56303K [0x0000000701a00000, 0x0000000800000000)
  region size 1024K, 12 young (12288K), 12 survivors (12288K)
 Metaspace       used 84008K, capacity 86680K, committed 86792K, reserved 1124352K
  class space    used 11017K, capacity 12066K, committed 12160K, reserved 1048576K
}
Event: 2911.276 GC heap before
{Heap before GC invocations=22 (full 0):
 garbage-first heap   total 378880K, used 271343K [0x0000000701a00000, 0x0000000800000000)
  region size 1024K, 222 young (227328K), 12 survivors (12288K)
 Metaspace       used 84008K, capacity 86680K, committed 86792K, reserved 1124352K
  class space    used 11017K, capacity 12066K, committed 12160K, reserved 1048576K
}
Event: 2911.282 GC heap after
{Heap after GC invocations=23 (full 0):
 garbage-first heap   total 378880K, used 56047K [0x0000000701a00000, 0x0000000800000000)
  region size 1024K, 11 young (11264K), 11 survivors (11264K)
 Metaspace       used 84008K, capacity 86680K, committed 86792K, reserved 1124352K
  class space    used 11017K, capacity 12066K, committed 12160K, reserved 1048576K
}
Event: 3293.092 GC heap before
{Heap before GC invocations=23 (full 0):
 garbage-first heap   total 378880K, used 272111K [0x0000000701a00000, 0x0000000800000000)
  region size 1024K, 222 young (227328K), 11 survivors (11264K)
 Metaspace       used 84008K, capacity 86680K, committed 86792K, reserved 1124352K
  class space    used 11017K, capacity 12066K, committed 12160K, reserved 1048576K
}
Event: 3293.100 GC heap after
{Heap after GC invocations=24 (full 0):
 garbage-first heap   total 378880K, used 56304K [0x0000000701a00000, 0x0000000800000000)
  region size 1024K, 12 young (12288K), 12 survivors (12288K)
 Metaspace       used 84008K, capacity 86680K, committed 86792K, reserved 1124352K
  class space    used 11017K, capacity 12066K, committed 12160K, reserved 1048576K
}
Event: 3675.330 GC heap before
{Heap before GC invocations=24 (full 0):
 garbage-first heap   total 378880K, used 271344K [0x0000000701a00000, 0x0000000800000000)
  region size 1024K, 222 young (227328K), 12 survivors (12288K)
 Metaspace       used 84008K, capacity 86680K, committed 86792K, reserved 1124352K
  class space    used 11017K, capacity 12066K, committed 12160K, reserved 1048576K
}
Event: 3675.346 GC heap after
{Heap after GC invocations=25 (full 0):
 garbage-first heap   total 378880K, used 56040K [0x0000000701a00000, 0x0000000800000000)
  region size 1024K, 11 young (11264K), 11 survivors (11264K)
 Metaspace       used 84008K, capacity 86680K, committed 86792K, reserved 1124352K
  class space    used 11017K, capacity 12066K, committed 12160K, reserved 1048576K
}
Event: 4059.399 GC heap before
{Heap before GC invocations=25 (full 0):
 garbage-first heap   total 378880K, used 272104K [0x0000000701a00000, 0x0000000800000000)
  region size 1024K, 222 young (227328K), 11 survivors (11264K)
 Metaspace       used 84008K, capacity 86680K, committed 86792K, reserved 1124352K
  class space    used 11017K, capacity 12066K, committed 12160K, reserved 1048576K
}

