# JRE version: Java(TM) SE Runtime Environment (11.0.4+10) (build 11.0.4+10-LTS)
# Java VM: Java HotSpot(TM) 64-Bit Server VM (11.0.4+10-LTS, mixed mode, tiered, compressed oops, g1 gc, windows-amd64)
Heap:
 garbage-first heap   total 280576K, used 109416K [0x0000000742400000, 0x0000000800000000)
  region size 1024K, 86 young (88064K), 12 survivors (12288K)
 Metaspace       used 72910K, capacity 74772K, committed 74796K, reserved 1114112K
  class space    used 9331K, capacity 10096K, committed 10112K, reserved 1048576K
GC Heap History (10 events):
Event: 2.857 GC heap before
{Heap before GC invocations=6 (full 0):
 garbage-first heap   total 194560K, used 27524K [0x0000000742400000, 0x0000000800000000)
  region size 1024K, 18 young (18432K), 5 survivors (5120K)
 Metaspace       used 34591K, capacity 35641K, committed 35840K, reserved 1081344K
  class space    used 4180K, capacity 4601K, committed 4608K, reserved 1048576K
}
Event: 2.865 GC heap after
{Heap after GC invocations=7 (full 0):
 garbage-first heap   total 233472K, used 15904K [0x0000000742400000, 0x0000000800000000)
  region size 1024K, 5 young (5120K), 5 survivors (5120K)
 Metaspace       used 34591K, capacity 35641K, committed 35840K, reserved 1081344K
  class space    used 4180K, capacity 4601K, committed 4608K, reserved 1048576K
}
Event: 5.214 GC heap before
{Heap before GC invocations=8 (full 0):
 garbage-first heap   total 233472K, used 150048K [0x0000000742400000, 0x0000000800000000)
  region size 1024K, 136 young (139264K), 5 survivors (5120K)
 Metaspace       used 52049K, capacity 53331K, committed 53376K, reserved 1095680K
  class space    used 6533K, capacity 7035K, committed 7040K, reserved 1048576K
}
Event: 5.226 GC heap after
{Heap after GC invocations=9 (full 0):
 garbage-first heap   total 233472K, used 22397K [0x0000000742400000, 0x0000000800000000)
  region size 1024K, 12 young (12288K), 12 survivors (12288K)
 Metaspace       used 52049K, capacity 53331K, committed 53376K, reserved 1095680K
  class space    used 6533K, capacity 7035K, committed 7040K, reserved 1048576K
}
Event: 6.740 GC heap before
{Heap before GC invocations=9 (full 0):
 garbage-first heap   total 233472K, used 72573K [0x0000000742400000, 0x0000000800000000)
  region size 1024K, 62 young (63488K), 12 survivors (12288K)
 Metaspace       used 58449K, capacity 59759K, committed 59948K, reserved 1101824K
  class space    used 7443K, capacity 7978K, committed 8064K, reserved 1048576K
}
Event: 6.752 GC heap after
{Heap after GC invocations=10 (full 0):
 garbage-first heap   total 233472K, used 24247K [0x0000000742400000, 0x0000000800000000)
  region size 1024K, 10 young (10240K), 10 survivors (10240K)
 Metaspace       used 58449K, capacity 59759K, committed 59948K, reserved 1101824K
  class space    used 7443K, capacity 7978K, committed 8064K, reserved 1048576K
}
Event: 7.844 GC heap before
{Heap before GC invocations=11 (full 0):
 garbage-first heap   total 233472K, used 153271K [0x0000000742400000, 0x0000000800000000)
  region size 1024K, 136 young (139264K), 10 survivors (10240K)
 Metaspace       used 65095K, capacity 66641K, committed 66732K, reserved 1107968K
  class space    used 8261K, capacity 8880K, committed 8960K, reserved 1048576K
}
Event: 7.857 GC heap after
{Heap after GC invocations=12 (full 0):
 garbage-first heap   total 233472K, used 28562K [0x0000000742400000, 0x0000000800000000)
  region size 1024K, 13 young (13312K), 13 survivors (13312K)
 Metaspace       used 65095K, capacity 66641K, committed 66732K, reserved 1107968K
  class space    used 8261K, capacity 8880K, committed 8960K, reserved 1048576K
}
Event: 9.101 GC heap before
{Heap before GC invocations=12 (full 0):
 garbage-first heap   total 233472K, used 154514K [0x0000000742400000, 0x0000000800000000)
  region size 1024K, 136 young (139264K), 13 survivors (13312K)
 Metaspace       used 71149K, capacity 73008K, committed 73388K, reserved 1112064K
  class space    used 9101K, capacity 9857K, committed 9984K, reserved 1048576K
}
Event: 9.120 GC heap after
{Heap after GC invocations=13 (full 0):
 garbage-first heap   total 280576K, used 34664K [0x0000000742400000, 0x0000000800000000)
  region size 1024K, 12 young (12288K), 12 survivors (12288K)
 Metaspace       used 71149K, capacity 73008K, committed 73388K, reserved 1112064K
  class space    used 9101K, capacity 9857K, committed 9984K, reserved 1048576K
}

